DEBUG:root:------------------------------ This is logging debug level ----------------------------------------
DEBUG:root:The addition of two numbers 40 and 20 is --> 60
DEBUG:root:The subtraction of two numbers 40 and 20 is --> 20
DEBUG:root:The multiplication of two numbers 40 and 20 is --> 800
DEBUG:root:The division of two numbers 40 and 20 is --> 2.0
INFO:root:------------------------------ This is logging Info level ----------------------------------------
INFO:root:The addition of two numbers 40 and 20 is --> 60
INFO:root:The subtraction of two numbers 40 and 20 is --> 20
INFO:root:The multiplication of two numbers 40 and 20 is --> 800
INFO:root:The division of two numbers 40 and 20 is --> 2.0
WARNING:root:------------------------------ This is logging warning level ----------------------------------------
WARNING:root:The addition of two numbers 40 and 20 is --> 60
WARNING:root:The subtraction of two numbers 40 and 20 is --> 20
WARNING:root:The multiplication of two numbers 40 and 20 is --> 800
WARNING:root:The division of two numbers 40 and 20 is --> 2.0
ERROR:root:------------------------------ This is logging error level ----------------------------------------
ERROR:root:The addition of two numbers 40 and 20 is --> 60
ERROR:root:The subtraction of two numbers 40 and 20 is --> 20
ERROR:root:The multiplication of two numbers 40 and 20 is --> 800
ERROR:root:The division of two numbers 40 and 20 is --> 2.0
CRITICAL:root:---------------------------- This is logging critical level ------------------------------------
CRITICAL:root:The addition of two numbers 40 and 20 is --> 60
CRITICAL:root:The subtraction of two numbers 40 and 20 is --> 20
CRITICAL:root:The multiplication of two numbers 40 and 20 is --> 800
CRITICAL:root:The division of two numbers 40 and 20 is --> 2.0
INFO:root:------------------------------ This is logging Info level ----------------------------------------
INFO:root:The addition of two numbers 40 and 20 is --> 60
INFO:root:The subtraction of two numbers 40 and 20 is --> 20
INFO:root:The multiplication of two numbers 40 and 20 is --> 800
INFO:root:The division of two numbers 40 and 20 is --> 2.0
WARNING:root:------------------------------ This is logging warning level ----------------------------------------
WARNING:root:The addition of two numbers 40 and 20 is --> 60
WARNING:root:The subtraction of two numbers 40 and 20 is --> 20
WARNING:root:The multiplication of two numbers 40 and 20 is --> 800
WARNING:root:The division of two numbers 40 and 20 is --> 2.0
ERROR:root:------------------------------ This is logging error level ----------------------------------------
ERROR:root:The addition of two numbers 40 and 20 is --> 60
ERROR:root:The subtraction of two numbers 40 and 20 is --> 20
ERROR:root:The multiplication of two numbers 40 and 20 is --> 800
ERROR:root:The division of two numbers 40 and 20 is --> 2.0
CRITICAL:root:---------------------------- This is logging critical level ------------------------------------
CRITICAL:root:The addition of two numbers 40 and 20 is --> 60
CRITICAL:root:The subtraction of two numbers 40 and 20 is --> 20
CRITICAL:root:The multiplication of two numbers 40 and 20 is --> 800
CRITICAL:root:The division of two numbers 40 and 20 is --> 2.0
WARNING:root:------------------------------ This is logging warning level ----------------------------------------
WARNING:root:The addition of two numbers 40 and 20 is --> 60
WARNING:root:The subtraction of two numbers 40 and 20 is --> 20
WARNING:root:The multiplication of two numbers 40 and 20 is --> 800
WARNING:root:The division of two numbers 40 and 20 is --> 2.0
ERROR:root:------------------------------ This is logging error level ----------------------------------------
ERROR:root:The addition of two numbers 40 and 20 is --> 60
ERROR:root:The subtraction of two numbers 40 and 20 is --> 20
ERROR:root:The multiplication of two numbers 40 and 20 is --> 800
ERROR:root:The division of two numbers 40 and 20 is --> 2.0
CRITICAL:root:---------------------------- This is logging critical level ------------------------------------
CRITICAL:root:The addition of two numbers 40 and 20 is --> 60
CRITICAL:root:The subtraction of two numbers 40 and 20 is --> 20
CRITICAL:root:The multiplication of two numbers 40 and 20 is --> 800
CRITICAL:root:The division of two numbers 40 and 20 is --> 2.0
ERROR:root:------------------------------ This is logging error level ----------------------------------------
ERROR:root:The addition of two numbers 40 and 20 is --> 60
ERROR:root:The subtraction of two numbers 40 and 20 is --> 20
ERROR:root:The multiplication of two numbers 40 and 20 is --> 800
ERROR:root:The division of two numbers 40 and 20 is --> 2.0
CRITICAL:root:---------------------------- This is logging critical level ------------------------------------
CRITICAL:root:The addition of two numbers 40 and 20 is --> 60
CRITICAL:root:The subtraction of two numbers 40 and 20 is --> 20
CRITICAL:root:The multiplication of two numbers 40 and 20 is --> 800
CRITICAL:root:The division of two numbers 40 and 20 is --> 2.0
CRITICAL:root:---------------------------- This is logging critical level ------------------------------------
CRITICAL:root:The addition of two numbers 40 and 20 is --> 60
CRITICAL:root:The subtraction of two numbers 40 and 20 is --> 20
CRITICAL:root:The multiplication of two numbers 40 and 20 is --> 800
CRITICAL:root:The division of two numbers 40 and 20 is --> 2.0
2022-04-11 12:29:38,120:DEBUG:root:------------------------------ This is logging debug level ----------------------------------------
2022-04-11 12:29:38,120:DEBUG:root:The addition of two numbers 40 and 20 is --> 60
2022-04-11 12:29:38,120:DEBUG:root:The subtraction of two numbers 40 and 20 is --> 20
2022-04-11 12:29:38,120:DEBUG:root:The multiplication of two numbers 40 and 20 is --> 800
2022-04-11 12:29:38,120:DEBUG:root:The division of two numbers 40 and 20 is --> 2.0
2022-04-11 12:29:38,120:INFO:root:------------------------------ This is logging Info level ----------------------------------------
2022-04-11 12:29:38,120:INFO:root:The addition of two numbers 40 and 20 is --> 60
2022-04-11 12:29:38,120:INFO:root:The subtraction of two numbers 40 and 20 is --> 20
2022-04-11 12:29:38,120:INFO:root:The multiplication of two numbers 40 and 20 is --> 800
2022-04-11 12:29:38,120:INFO:root:The division of two numbers 40 and 20 is --> 2.0
2022-04-11 12:29:38,120:WARNING:root:------------------------------ This is logging warning level ----------------------------------------
2022-04-11 12:29:38,120:WARNING:root:The addition of two numbers 40 and 20 is --> 60
2022-04-11 12:29:38,120:WARNING:root:The subtraction of two numbers 40 and 20 is --> 20
2022-04-11 12:29:38,120:WARNING:root:The multiplication of two numbers 40 and 20 is --> 800
2022-04-11 12:29:38,120:WARNING:root:The division of two numbers 40 and 20 is --> 2.0
2022-04-11 12:29:38,120:ERROR:root:------------------------------ This is logging error level ----------------------------------------
2022-04-11 12:29:38,120:ERROR:root:The addition of two numbers 40 and 20 is --> 60
2022-04-11 12:29:38,120:ERROR:root:The subtraction of two numbers 40 and 20 is --> 20
2022-04-11 12:29:38,120:ERROR:root:The multiplication of two numbers 40 and 20 is --> 800
2022-04-11 12:29:38,120:ERROR:root:The division of two numbers 40 and 20 is --> 2.0
2022-04-11 12:29:38,120:CRITICAL:root:---------------------------- This is logging critical level ------------------------------------
2022-04-11 12:29:38,120:CRITICAL:root:The addition of two numbers 40 and 20 is --> 60
2022-04-11 12:29:38,120:CRITICAL:root:The subtraction of two numbers 40 and 20 is --> 20
2022-04-11 12:29:38,120:CRITICAL:root:The multiplication of two numbers 40 and 20 is --> 800
2022-04-11 12:29:38,120:CRITICAL:root:The division of two numbers 40 and 20 is --> 2.0
2022-04-11 12:30:13,895:DEBUG:------------------------------ This is logging debug level ----------------------------------------
2022-04-11 12:30:13,895:DEBUG:The addition of two numbers 40 and 20 is --> 60
2022-04-11 12:30:13,895:DEBUG:The subtraction of two numbers 40 and 20 is --> 20
2022-04-11 12:30:13,895:DEBUG:The multiplication of two numbers 40 and 20 is --> 800
2022-04-11 12:30:13,895:DEBUG:The division of two numbers 40 and 20 is --> 2.0
2022-04-11 12:30:13,895:INFO:------------------------------ This is logging Info level ----------------------------------------
2022-04-11 12:30:13,895:INFO:The addition of two numbers 40 and 20 is --> 60
2022-04-11 12:30:13,895:INFO:The subtraction of two numbers 40 and 20 is --> 20
2022-04-11 12:30:13,895:INFO:The multiplication of two numbers 40 and 20 is --> 800
2022-04-11 12:30:13,895:INFO:The division of two numbers 40 and 20 is --> 2.0
2022-04-11 12:30:13,895:WARNING:------------------------------ This is logging warning level ----------------------------------------
2022-04-11 12:30:13,895:WARNING:The addition of two numbers 40 and 20 is --> 60
2022-04-11 12:30:13,895:WARNING:The subtraction of two numbers 40 and 20 is --> 20
2022-04-11 12:30:13,895:WARNING:The multiplication of two numbers 40 and 20 is --> 800
2022-04-11 12:30:13,895:WARNING:The division of two numbers 40 and 20 is --> 2.0
2022-04-11 12:30:13,895:ERROR:------------------------------ This is logging error level ----------------------------------------
2022-04-11 12:30:13,895:ERROR:The addition of two numbers 40 and 20 is --> 60
2022-04-11 12:30:13,895:ERROR:The subtraction of two numbers 40 and 20 is --> 20
2022-04-11 12:30:13,895:ERROR:The multiplication of two numbers 40 and 20 is --> 800
2022-04-11 12:30:13,895:ERROR:The division of two numbers 40 and 20 is --> 2.0
2022-04-11 12:30:13,895:CRITICAL:---------------------------- This is logging critical level ------------------------------------
2022-04-11 12:30:13,895:CRITICAL:The addition of two numbers 40 and 20 is --> 60
2022-04-11 12:30:13,895:CRITICAL:The subtraction of two numbers 40 and 20 is --> 20
2022-04-11 12:30:13,895:CRITICAL:The multiplication of two numbers 40 and 20 is --> 800
2022-04-11 12:30:13,895:CRITICAL:The division of two numbers 40 and 20 is --> 2.0
DEBUG:root:------------------------------ This is logging debug level ----------------------------------------
DEBUG:root:The addition of two numbers 40 and 20 is --> 60
DEBUG:root:The subtraction of two numbers 40 and 20 is --> 20
DEBUG:root:The multiplication of two numbers 40 and 20 is --> 800
DEBUG:root:The division of two numbers 40 and 20 is --> 2.0
INFO:root:------------------------------ This is logging Info level ----------------------------------------
INFO:root:The addition of two numbers 40 and 20 is --> 60
INFO:root:The subtraction of two numbers 40 and 20 is --> 20
INFO:root:The multiplication of two numbers 40 and 20 is --> 800
INFO:root:The division of two numbers 40 and 20 is --> 2.0
WARNING:root:------------------------------ This is logging warning level ----------------------------------------
WARNING:root:The addition of two numbers 40 and 20 is --> 60
WARNING:root:The subtraction of two numbers 40 and 20 is --> 20
WARNING:root:The multiplication of two numbers 40 and 20 is --> 800
WARNING:root:The division of two numbers 40 and 20 is --> 2.0
ERROR:root:------------------------------ This is logging error level ----------------------------------------
ERROR:root:The addition of two numbers 40 and 20 is --> 60
ERROR:root:The subtraction of two numbers 40 and 20 is --> 20
ERROR:root:The multiplication of two numbers 40 and 20 is --> 800
ERROR:root:The division of two numbers 40 and 20 is --> 2.0
CRITICAL:root:---------------------------- This is logging critical level ------------------------------------
CRITICAL:root:The addition of two numbers 40 and 20 is --> 60
CRITICAL:root:The subtraction of two numbers 40 and 20 is --> 20
CRITICAL:root:The multiplication of two numbers 40 and 20 is --> 800
CRITICAL:root:The division of two numbers 40 and 20 is --> 2.0
2022-05-10 18:14:38,181:DEBUG:root:------------------------------ This is logging debug level ----------------------------------------
2022-05-10 18:14:38,181:DEBUG:root:The addition of two numbers 40 and 20 is --> 60
2022-05-10 18:14:38,181:DEBUG:root:The subtraction of two numbers 40 and 20 is --> 20
2022-05-10 18:14:38,181:DEBUG:root:The multiplication of two numbers 40 and 20 is --> 800
2022-05-10 18:14:38,181:DEBUG:root:The division of two numbers 40 and 20 is --> 2.0
2022-05-10 18:14:38,181:INFO:root:------------------------------ This is logging Info level ----------------------------------------
2022-05-10 18:14:38,181:INFO:root:The addition of two numbers 40 and 20 is --> 60
2022-05-10 18:14:38,181:INFO:root:The subtraction of two numbers 40 and 20 is --> 20
2022-05-10 18:14:38,181:INFO:root:The multiplication of two numbers 40 and 20 is --> 800
2022-05-10 18:14:38,181:INFO:root:The division of two numbers 40 and 20 is --> 2.0
2022-05-10 18:14:38,181:WARNING:root:------------------------------ This is logging warning level ----------------------------------------
2022-05-10 18:14:38,181:WARNING:root:The addition of two numbers 40 and 20 is --> 60
2022-05-10 18:14:38,181:WARNING:root:The subtraction of two numbers 40 and 20 is --> 20
2022-05-10 18:14:38,181:WARNING:root:The multiplication of two numbers 40 and 20 is --> 800
2022-05-10 18:14:38,181:WARNING:root:The division of two numbers 40 and 20 is --> 2.0
2022-05-10 18:14:38,181:ERROR:root:------------------------------ This is logging error level ----------------------------------------
2022-05-10 18:14:38,181:ERROR:root:The addition of two numbers 40 and 20 is --> 60
2022-05-10 18:14:38,181:ERROR:root:The subtraction of two numbers 40 and 20 is --> 20
2022-05-10 18:14:38,181:ERROR:root:The multiplication of two numbers 40 and 20 is --> 800
2022-05-10 18:14:38,181:ERROR:root:The division of two numbers 40 and 20 is --> 2.0
2022-05-10 18:14:38,181:CRITICAL:root:---------------------------- This is logging critical level ------------------------------------
2022-05-10 18:14:38,181:CRITICAL:root:The addition of two numbers 40 and 20 is --> 60
2022-05-10 18:14:38,181:CRITICAL:root:The subtraction of two numbers 40 and 20 is --> 20
2022-05-10 18:14:38,181:CRITICAL:root:The multiplication of two numbers 40 and 20 is --> 800
2022-05-10 18:14:38,181:CRITICAL:root:The division of two numbers 40 and 20 is --> 2.0
