2021-08-27 11:56:28,692 : INFO
2021-08-27 11:56:28,692 : INFO
2021-08-27 11:56:28,692 : INFO
2021-08-27 11:56:28,692 : INFO
2021-08-27 11:57:44,941 : INFO : The Sum is : 30
2021-08-27 11:57:44,941 : INFO : The Difference is : 10
2021-08-27 11:57:44,941 : INFO : The Multiplication is : 200
2021-08-27 11:57:44,941 : INFO : The Divsion is : 2
2021-08-27 11:58:05,711 : INFO : The Sum is : 30
2021-08-27 11:58:05,711 : INFO : The Difference is : 10
2021-08-27 11:58:05,711 : INFO : The Multiplication is : 200
2021-08-27 11:58:05,711 : INFO : The Division is : 2
2021-09-02 12:13:32,270 : INFO : The Sum is : 30
2021-09-02 12:13:32,270 : INFO : The Difference is : 10
2021-09-02 12:13:32,270 : INFO : The Multiplication is : 200
2021-09-02 12:13:32,270 : INFO : The Division is : 2
2021-11-11 09:33:14,595 : INFO : The Sum is : 30
2021-11-11 09:33:14,596 : INFO : The Difference is : 10
2021-11-11 09:33:14,596 : INFO : The Multiplication is : 200
2021-11-11 09:33:14,596 : INFO : The Division is : 2
2021-11-11 09:34:10,965 : INFO : The Sum is : 30
2021-11-11 09:34:10,965 : WARNING : The Multiplication is : 200
2021-11-11 09:34:10,965 : INFO : The Division is : 2
2021-11-11 09:34:37,831 : INFO : The Sum is : 30
2021-11-11 09:34:37,831 : INFO : The Difference is : 10
2021-11-11 09:34:37,831 : INFO : The Multiplication is : 200
2021-11-11 09:34:37,831 : INFO : The Division is : 2
